
Configuring for:
  hash table:       80000000 bases.
  read stream:    1000000000 bases.


       Raw          Raw  Corrected    Corrected    Trimmed      Trimmed
     Reads        Bases      Reads        Bases      Reads        Bases
---------- ------------ ---------- ------------ ---------- ------------
       290      2691631        240      2092418        240      2092418
       580      5143449        472      4029347        472      4029347
       870      7781046        707      6069924        707      6069924
      1160     10308943        951      8079095        951      8079095
      1450     13129662       1197     10352145       1197     10352145
      1740     15856234       1423     12423485       1423     12423485
      2030     18489062       1650     14379541       1650     14379541
      2320     20993499       1884     16298497       1884     16298497
      2610     23695469       2116     18262123       2116     18262123
      2900     26652162       2359     20408677       2359     20408677
      3190     29718071       2605     22709488       2605     22709488
      3480     32362192       2835     24621568       2835     24621568
      3770     35020378       3077     26771057       3077     26771057
      4060     37672609       3312     28841646       3312     28841646
      4350     40149771       3537     30809785       3537     30809785
      4640     42956350       3775     33084325       3775     33084325
      4930     45539953       4013     35088994       4013     35088994
      5220     47863336       4261     36989868       4261     36989868
      5510     50592733       4506     39171373       4506     39171373
      5800     53318292       4745     41299895       4745     41299895
      6090     56014082       4979     43309775       4979     43309775
      6380     58704107       5200     45242594       5200     45242594
      6670     61420305       5428     47334638       5428     47334638
      6960     64136974       5672     49458362       5672     49458362
      7250     66959066       5899     51539997       5899     51539997
      7540     69672699       6131     53615541       6131     53615541
      7830     72295546       6368     55628147       6368     55628147
      8120     74957967       6615     57692488       6615     57692488
      8410     77565577       6865     59802959       6865     59802959
      8700     80234462       7113     61932431       7113     61932431
      8990     82950978       7348     64013588       7348     64013588
      9280     85877875       7584     66324043       7584     66324043
      9570     88824368       7827     68771510       7827     68771510
      9860     91494336       8079     71000898       8079     71000898
     10150     94234473       8323     73299388       8323     73299388
     10440     96918661       8572     75516030       8572     75516030
     10730     99311246       8806     77364670       8806     77364670
     11020    101952804       9050     79502093       9050     79502093
---------- ------------ ---------- ------------ ---------- ------------
     11290    104368520       9283     81476363       9283     81476363

  Job       Hash Range        # Reads      # Bases      Stream Range        # Reads      # Bases
----- --------------------- --------- ------------  --------------------- --------- ------------
    1          1-11290           9180     79250378           1-11290           9180     79250378
