
Found 1 command tree.

Counting 99 (estimated) million canonical 16-mers from 1 input file:
    canu-seqStore: ../../ecoli.seqStore


SIMPLE MODE
-----------

  16-mers
    -> 4294967296 entries for counts up to 65535.
    -> 64 Gbits memory used

  104368520 input bases
    -> expected max count of 417474, needing 4 extra bits.
    -> 16 Gbits memory used

  10 GB memory needed


COMPLEX MODE
------------

prefix     # of   struct   kmers/    segs/      min     data    total
  bits   prefix   memory   prefix   prefix   memory   memory   memory
------  -------  -------  -------  -------  -------  -------  -------
     1     2  P   392 kB    24 MM    24 kS  8192  B   192 MB   193 MB
     2     4  P   385 kB    12 MM    11 kS    16 kB   186 MB   187 MB
     3     8  P   386 kB  6370 kM  5778  S    32 kB   180 MB   180 MB
     4    16  P   399 kB  3185 kM  2788  S    64 kB   174 MB   174 MB
     5    32  P   437 kB  1592 kM  1345  S   128 kB   168 MB   168 MB
     6    64  P   526 kB   796 kM   648  S   256 kB   162 MB   162 MB
     7   128  P   716 kB   398 kM   312  S   512 kB   156 MB   156 MB
     8   256  P  1108 kB   199 kM   150  S  1024 kB   150 MB   151 MB
     9   512  P  1904 kB    99 kM    72  S  2048 kB   144 MB   145 MB
    10  1024  P  3512 kB    49 kM    35  S  4096 kB   140 MB   143 MB  Best Value!
    11  2048  P  6736 kB    24 kM    17  S  8192 kB   136 MB   142 MB
    12  4096  P    12 MB    12 kM     8  S    16 MB   128 MB   140 MB
    13  8192  P    25 MB  6371  M     4  S    32 MB   128 MB   153 MB
    14    16 kP    50 MB  3186  M     2  S    64 MB   128 MB   178 MB
    15    32 kP   101 MB  1593  M     1  S   128 MB   128 MB   229 MB
    16    64 kP   202 MB   797  M     1  S   256 MB   256 MB   458 MB
    17   128 kP   405 MB   399  M     1  S   512 MB   512 MB   917 MB
    18   256 kP   810 MB   200  M     1  S  1024 MB  1024 MB  1834 MB
    19   512 kP  1620 MB   100  M     1  S  2048 MB  2048 MB  3668 MB
    20  1024 kP  3240 MB    50  M     1  S  4096 MB  4096 MB  7336 MB


FINAL CONFIGURATION
-------------------

Estimated to require 279 MB memory out of 8192 MB allowed.
Estimated to require 2 batches.

Configured complex mode for 0.273 GB memory per batch, and up to 2 batches.

Start counting with THREADED method.

Cleaning up.

Bye.
