
Found 1 command tree.

Counting 77 (estimated) million canonical 22-mers from 1 input file:
    canu-seqStore: ../../ecoli.seqStore


SIMPLE MODE
-----------

  Not possible.


COMPLEX MODE
------------

prefix     # of   struct   kmers/    segs/      min     data    total
  bits   prefix   memory   prefix   prefix   memory   memory   memory
------  -------  -------  -------  -------  -------  -------  -------
     1     2  P   424 kB    19 MM    26 kS  8192  B   208 MB   209 MB
     2     4  P   420 kB  9945 kM    12 kS    16 kB   204 MB   204 MB
     3     8  P   423 kB  4972 kM  6374  S    32 kB   199 MB   199 MB
     4    16  P   439 kB  2486 kM  3109  S    64 kB   194 MB   194 MB
     5    32  P   480 kB  1243 kM  1516  S   128 kB   189 MB   189 MB
     6    64  P   571 kB   621 kM   739  S   256 kB   184 MB   185 MB
     7   128  P   764 kB   310 kM   360  S   512 kB   180 MB   180 MB
     8   256  P  1158 kB   155 kM   175  S  1024 kB   175 MB   176 MB
     9   512  P  1960 kB    77 kM    86  S  2048 kB   172 MB   173 MB
    10  1024  P  3568 kB    38 kM    42  S  4096 kB   168 MB   171 MB  Best Value!
    11  2048  P  6800 kB    19 kM    21  S  8192 kB   168 MB   174 MB
    12  4096  P    12 MB  9946  M    10  S    16 MB   160 MB   172 MB
    13  8192  P    25 MB  4973  M     5  S    32 MB   160 MB   185 MB
    14    16 kP    50 MB  2487  M     3  S    64 MB   192 MB   242 MB
    15    32 kP   101 MB  1244  M     2  S   128 MB   256 MB   357 MB
    16    64 kP   202 MB   622  M     1  S   256 MB   256 MB   458 MB
    17   128 kP   405 MB   311  M     1  S   512 MB   512 MB   917 MB
    18   256 kP   810 MB   156  M     1  S  1024 MB  1024 MB  1834 MB
    19   512 kP  1620 MB    78  M     1  S  2048 MB  2048 MB  3668 MB
    20  1024 kP  3240 MB    39  M     1  S  4096 MB  4096 MB  7336 MB


FINAL CONFIGURATION
-------------------

Estimated to require 335 MB memory out of 2048 MB allowed.
Estimated to require 2 batches.

Configured complex mode for 0.328 GB memory per batch, and up to 2 batches.

Start counting with THREADED method.

Cleaning up.

Bye.
