-- canu 2.2
--
-- CITATIONS
--
-- For 'standard' assemblies of PacBio or Nanopore reads:
--   Koren S, Walenz BP, Berlin K, Miller JR, Phillippy AM.
--   Canu: scalable and accurate long-read assembly via adaptive k-mer weighting and repeat separation.
--   Genome Res. 2017 May;27(5):722-736.
--   http://doi.org/10.1101/gr.215087.116
-- 
-- Read and contig alignments during correction and consensus use:
--   Šošic M, Šikic M.
--   Edlib: a C/C ++ library for fast, exact sequence alignment using edit distance.
--   Bioinformatics. 2017 May 1;33(9):1394-1395.
--   http://doi.org/10.1093/bioinformatics/btw753
-- 
-- Overlaps are generated using:
--   Berlin K, et al.
--   Assembling large genomes with single-molecule sequencing and locality-sensitive hashing.
--   Nat Biotechnol. 2015 Jun;33(6):623-30.
--   http://doi.org/10.1038/nbt.3238
-- 
--   Myers EW, et al.
--   A Whole-Genome Assembly of Drosophila.
--   Science. 2000 Mar 24;287(5461):2196-204.
--   http://doi.org/10.1126/science.287.5461.2196
-- 
-- Corrected read consensus sequences are generated using an algorithm derived from FALCON-sense:
--   Chin CS, et al.
--   Phased diploid genome assembly with single-molecule real-time sequencing.
--   Nat Methods. 2016 Dec;13(12):1050-1054.
--   http://doi.org/10.1038/nmeth.4035
-- 
-- Contig consensus sequences are generated using an algorithm derived from pbdagcon:
--   Chin CS, et al.
--   Nonhybrid, finished microbial genome assemblies from long-read SMRT sequencing data.
--   Nat Methods. 2013 Jun;10(6):563-9
--   http://doi.org/10.1038/nmeth.2474
-- 
-- CONFIGURE CANU
--
-- Detected Java(TM) Runtime Environment '11.0.13' (from '/Users/student/miniconda/bin/java') without -d64 support.
--
-- WARNING:
-- WARNING:  Failed to run gnuplot using command 'gnuplot'.
-- WARNING:  Plots will be disabled.
-- WARNING:
--
--
-- Detected 8 CPUs and 16 gigabytes of memory on the local machine.
--
-- Local machine mode enabled; grid support not detected or not allowed.
--
--                                (tag)Concurrency
--                         (tag)Threads          |
--                (tag)Memory         |          |
--        (tag)             |         |          |       total usage      algorithm
--        -------  ----------  --------   --------  --------------------  -----------------------------
-- Local: meryl      8.000 GB    4 CPUs x   2 jobs    16.000 GB   8 CPUs  (k-mer counting)
-- Local: hap        8.000 GB    4 CPUs x   2 jobs    16.000 GB   8 CPUs  (read-to-haplotype assignment)
-- Local: cormhap    6.000 GB    8 CPUs x   1 job      6.000 GB   8 CPUs  (overlap detection with mhap)
-- Local: obtovl     4.000 GB    8 CPUs x   1 job      4.000 GB   8 CPUs  (overlap detection)
-- Local: utgovl     4.000 GB    8 CPUs x   1 job      4.000 GB   8 CPUs  (overlap detection)
-- Local: cor        -.--- GB    4 CPUs x   - jobs     -.--- GB   - CPUs  (read correction)
-- Local: ovb        4.000 GB    1 CPU  x   4 jobs    16.000 GB   4 CPUs  (overlap store bucketizer)
-- Local: ovs        8.000 GB    1 CPU  x   2 jobs    16.000 GB   2 CPUs  (overlap store sorting)
-- Local: red        8.000 GB    4 CPUs x   2 jobs    16.000 GB   8 CPUs  (read error detection)
-- Local: oea        8.000 GB    1 CPU  x   2 jobs    16.000 GB   2 CPUs  (overlap error adjustment)
-- Local: bat       16.000 GB    4 CPUs x   1 job     16.000 GB   4 CPUs  (contig construction with bogart)
-- Local: cns        -.--- GB    4 CPUs x   - jobs     -.--- GB   - CPUs  (consensus)
--
-- Found untrimmed raw PacBio CLR reads in the input files.
--
-- Generating assembly 'ecoli' in '/Users/student/PFB_problemsets/canu-2.2/ecoli-pacbio-filt90':
--   genomeSize:
--     4800000
--
--   Overlap Generation Limits:
--     corOvlErrorRate 0.2400 ( 24.00%)
--     obtOvlErrorRate 0.0450 (  4.50%)
--     utgOvlErrorRate 0.0450 (  4.50%)
--
--   Overlap Processing Limits:
--     corErrorRate    0.2500 ( 25.00%)
--     obtErrorRate    0.0450 (  4.50%)
--     utgErrorRate    0.0450 (  4.50%)
--     cnsErrorRate    0.0750 (  7.50%)
--
--   Stages to run:
--     correct raw reads.
--     trim corrected reads.
--     assemble corrected and trimmed reads.
--
--
-- BEGIN CORRECTION
----------------------------------------
-- Starting command on Mon Oct 17 17:38:50 2022 with 879.707 GB free disk space

    cd .
    ./ecoli.seqStore.sh \
    > ./ecoli.seqStore.err 2>&1

-- Finished on Mon Oct 17 17:38:52 2022 (2 seconds) with 879.678 GB free disk space
----------------------------------------
--
-- In sequence store './ecoli.seqStore':
--   Found 11290 reads.
--   Found 104368520 bases (21.74 times coverage).
--    Histogram of raw reads:
--    
--    G=104368520                        sum of  ||               length     num
--    NG         length     index       lengths  ||                range    seqs
--    ----- ------------ --------- ------------  ||  ------------------- -------
--    00010        23681       376     10457248  ||       1000-1825         1079|---------------------------------------------------------------
--    00020        20648       850     20888215  ||       1826-2651         1037|-------------------------------------------------------------
--    00030        18505      1383     31328031  ||       2652-3477          867|---------------------------------------------------
--    00040        16322      1982     41748533  ||       3478-4303          692|-----------------------------------------
--    00050        14185      2669     52196934  ||       4304-5129          570|----------------------------------
--    00060        11978      3468     62625160  ||       5130-5955          503|------------------------------
--    00070         9843      4425     73061048  ||       5956-6781          446|---------------------------
--    00080         7611      5626     83497862  ||       6782-7607          466|----------------------------
--    00090         4717      7337     93935825  ||       7608-8433          474|----------------------------
--    00100         1000     11289    104368520  ||       8434-9259          447|---------------------------
--    001.000x               11290    104368520  ||       9260-10085         394|------------------------
--                                               ||      10086-10911         382|-----------------------
--                                               ||      10912-11737         359|---------------------
--                                               ||      11738-12563         334|--------------------
--                                               ||      12564-13389         288|-----------------
--                                               ||      13390-14215         295|------------------
--                                               ||      14216-15041         281|-----------------
--                                               ||      15042-15867         260|----------------
--                                               ||      15868-16693         240|---------------
--                                               ||      16694-17519         226|--------------
--                                               ||      17520-18345         227|--------------
--                                               ||      18346-19171         204|------------
--                                               ||      19172-19997         206|-------------
--                                               ||      19998-20823         202|------------
--                                               ||      20824-21649         152|---------
--                                               ||      21650-22475         126|--------
--                                               ||      22476-23301         104|-------
--                                               ||      23302-24127          94|------
--                                               ||      24128-24953          55|----
--                                               ||      24954-25779          47|---
--                                               ||      25780-26605          40|---
--                                               ||      26606-27431          39|---
--                                               ||      27432-28257          32|--
--                                               ||      28258-29083          25|--
--                                               ||      29084-29909          11|-
--                                               ||      29910-30735          18|--
--                                               ||      30736-31561          12|-
--                                               ||      31562-32387           9|-
--                                               ||      32388-33213           8|-
--                                               ||      33214-34039           6|-
--                                               ||      34040-34865           6|-
--                                               ||      34866-35691           5|-
--                                               ||      35692-36517           9|-
--                                               ||      36518-37343           1|-
--                                               ||      37344-38169           3|-
--                                               ||      38170-38995           2|-
--                                               ||      38996-39821           2|-
--                                               ||      39822-40647           2|-
--                                               ||      40648-41473           2|-
--                                               ||      41474-42299           1|-
--    
----------------------------------------
-- Starting command on Mon Oct 17 17:38:52 2022 with 879.678 GB free disk space

    cd correction/0-mercounts
    ./meryl-configure.sh \
    > ./meryl-configure.err 2>&1

-- Finished on Mon Oct 17 17:38:52 2022 (in the blink of an eye) with 879.678 GB free disk space
----------------------------------------
--  segments   memory batches
--  -------- -------- -------
--        01  0.27 GB       2
--
--  For 11290 reads with 104368520 bases, limit to 1 batch.
--  Will count kmers using 01 jobs, each using 2 GB and 4 threads.
--
-- Finished stage 'merylConfigure', reset canuIteration.
--
-- Running jobs.  First attempt out of 2.
----------------------------------------
-- Starting 'meryl' concurrent execution on Mon Oct 17 17:38:52 2022 with 879.678 GB free disk space (1 processes; 2 concurrently)

    cd correction/0-mercounts
    ./meryl-count.sh 1 > ./meryl-count.000001.out 2>&1

-- Finished on Mon Oct 17 17:39:01 2022 (9 seconds) with 879.292 GB free disk space
----------------------------------------
-- Found 1 Kmer counting (meryl) outputs.
-- Finished stage 'cor-merylCountCheck', reset canuIteration.
--
-- Running jobs.  First attempt out of 2.
----------------------------------------
-- Starting 'meryl' concurrent execution on Mon Oct 17 17:39:01 2022 with 879.292 GB free disk space (1 processes; 2 concurrently)

    cd correction/0-mercounts
    ./meryl-process.sh 1 > ./meryl-process.000001.out 2>&1

-- Finished on Mon Oct 17 17:39:04 2022 (3 seconds) with 879.625 GB free disk space
----------------------------------------
-- Meryl finished successfully.  Kmer frequency histogram:
--
-- WARNING: gnuplot failed.
--
----------------------------------------
--
--  16-mers                                                                                           Fraction
--    Occurrences   NumMers                                                                         Unique Total
--       1-     1         0                                                                        0.0000 0.0000
--       2-     2   6094244 ********************************************************************** 0.5749 0.3657
--       3-     4   2676042 ******************************                                         0.7329 0.5165
--       5-     7   1482542 *****************                                                      0.8947 0.7438
--       8-    11    305756 ***                                                                    0.9823 0.9292
--      12-    16     24806                                                                        0.9970 0.9747
--      17-    22      6882                                                                        0.9985 0.9815
--      23-    29      4732                                                                        0.9991 0.9853
--      30-    37      2715                                                                        0.9995 0.9888
--      38-    46      1362                                                                        0.9997 0.9913
--      47-    56       829                                                                        0.9998 0.9928
--      57-    67       419                                                                        0.9999 0.9941
--      68-    79       153                                                                        0.9999 0.9948
--      80-    92        84                                                                        1.0000 0.9951
--      93-   106        62                                                                        1.0000 0.9953
--     107-   121        38                                                                        1.0000 0.9955
--     122-   137        37                                                                        1.0000 0.9956
--     138-   154        39                                                                        1.0000 0.9958
--     155-   172        29                                                                        1.0000 0.9959
--     173-   191        20                                                                        1.0000 0.9961
--     192-   211        31                                                                        1.0000 0.9962
--     212-   232        17                                                                        1.0000 0.9964
--     233-   254        26                                                                        1.0000 0.9965
--     255-   277        14                                                                        1.0000 0.9967
--     278-   301        11                                                                        1.0000 0.9968
--     302-   326         9                                                                        1.0000 0.9969
--     327-   352         4                                                                        1.0000 0.9970
--     353-   379         8                                                                        1.0000 0.9970
--     380-   407         8                                                                        1.0000 0.9971
--     408-   436        10                                                                        1.0000 0.9972
--     437-   466         7                                                                        1.0000 0.9973
--     467-   497        16                                                                        1.0000 0.9974
--     498-   529        13                                                                        1.0000 0.9977
--     530-   562         5                                                                        1.0000 0.9979
--     563-   596         4                                                                        1.0000 0.9979
--     597-   631         4                                                                        1.0000 0.9980
--     632-   667         3                                                                        1.0000 0.9981
--     668-   704         0                                                                        0.0000 0.0000
--     705-   742         2                                                                        1.0000 0.9981
--     743-   781         2                                                                        1.0000 0.9982
--
--           0 (max occurrences)
--    33330452 (total mers, non-unique)
--    10600997 (distinct mers, non-unique)
--           0 (unique mers)
-- Finished stage 'meryl-process', reset canuIteration.
--
-- Removing meryl database 'correction/0-mercounts/ecoli.ms16'.
--
-- OVERLAPPER (mhap) (correction)
--
-- Set corMhapSensitivity=high based on read coverage of 21.74.
--
-- PARAMETERS: hashes=768, minMatches=2, threshold=0.73
--
-- Given 5.4 GB, can fit 8100 reads per block.
-- For 3 blocks, set stride to 2 blocks.
-- Logging partitioning to 'correction/1-overlapper/partitioning.log'.
-- Configured 2 mhap precompute jobs.
-- Configured 2 mhap overlap jobs.
-- Finished stage 'cor-mhapConfigure', reset canuIteration.
--
-- Running jobs.  First attempt out of 2.
----------------------------------------
-- Starting 'cormhap' concurrent execution on Mon Oct 17 17:39:04 2022 with 879.678 GB free disk space (2 processes; 1 concurrently)

    cd correction/1-overlapper
    ./precompute.sh 1 > ./precompute.000001.out 2>&1
    ./precompute.sh 2 > ./precompute.000002.out 2>&1

-- Finished on Mon Oct 17 17:46:57 2022 (473 seconds) with 879.33 GB free disk space
----------------------------------------
-- All 2 mhap precompute jobs finished successfully.
-- Finished stage 'cor-mhapPrecomputeCheck', reset canuIteration.
--
-- Running jobs.  First attempt out of 2.
----------------------------------------
-- Starting 'cormhap' concurrent execution on Mon Oct 17 17:46:57 2022 with 879.33 GB free disk space (2 processes; 1 concurrently)

    cd correction/1-overlapper
    ./mhap.sh 1 > ./mhap.000001.out 2>&1
    ./mhap.sh 2 > ./mhap.000002.out 2>&1

-- Finished on Mon Oct 17 17:47:11 2022 (14 seconds) with 879.326 GB free disk space
----------------------------------------
-- Found 2 mhap overlap output files.
-- Finished stage 'cor-mhapCheck', reset canuIteration.
----------------------------------------
-- Starting command on Mon Oct 17 17:47:11 2022 with 879.326 GB free disk space

    cd correction
    /Users/student/PFB_problemsets/canu-2.2/bin/ovStoreConfig \
     -S ../ecoli.seqStore \
     -M 4-8 \
     -L ./1-overlapper/ovljob.files \
     -create ./ecoli.ovlStore.config \
     > ./ecoli.ovlStore.config.txt \
    2> ./ecoli.ovlStore.config.err

-- Finished on Mon Oct 17 17:47:11 2022 (fast as lightning) with 879.326 GB free disk space
----------------------------------------
--
-- Creating overlap store correction/ecoli.ovlStore using:
--      2 buckets
--      2 slices
--        using at most 1 GB memory each
-- Finished stage 'cor-overlapStoreConfigure', reset canuIteration.
--
-- Running jobs.  First attempt out of 2.
----------------------------------------
-- Starting 'ovB' concurrent execution on Mon Oct 17 17:47:11 2022 with 879.326 GB free disk space (2 processes; 4 concurrently)

    cd correction/ecoli.ovlStore.BUILDING
    ./scripts/1-bucketize.sh 1 > ./logs/1-bucketize.000001.out 2>&1
    ./scripts/1-bucketize.sh 2 > ./logs/1-bucketize.000002.out 2>&1

-- Finished on Mon Oct 17 17:47:12 2022 (one second) with 879.319 GB free disk space
----------------------------------------
-- Overlap store bucketizer finished.
-- Finished stage 'cor-overlapStoreBucketizerCheck', reset canuIteration.
--
-- Running jobs.  First attempt out of 2.
----------------------------------------
-- Starting 'ovS' concurrent execution on Mon Oct 17 17:47:12 2022 with 879.319 GB free disk space (2 processes; 2 concurrently)

    cd correction/ecoli.ovlStore.BUILDING
    ./scripts/2-sort.sh 1 > ./logs/2-sort.000001.out 2>&1
    ./scripts/2-sort.sh 2 > ./logs/2-sort.000002.out 2>&1

-- Finished on Mon Oct 17 17:47:12 2022 (lickety-split) with 879.317 GB free disk space
----------------------------------------
-- Overlap store sorter finished.
-- Finished stage 'cor-overlapStoreSorterCheck', reset canuIteration.
----------------------------------------
-- Starting command on Mon Oct 17 17:47:12 2022 with 879.317 GB free disk space

    cd correction
    /Users/student/PFB_problemsets/canu-2.2/bin/ovStoreIndexer \
      -O  ./ecoli.ovlStore.BUILDING \
      -S ../ecoli.seqStore \
      -C  ./ecoli.ovlStore.config \
      -delete \
    > ./ecoli.ovlStore.BUILDING.index.err 2>&1

-- Finished on Mon Oct 17 17:47:12 2022 (in the blink of an eye) with 879.318 GB free disk space
----------------------------------------
-- Overlap store indexer finished.
-- Checking store.
----------------------------------------
-- Starting command on Mon Oct 17 17:47:12 2022 with 879.318 GB free disk space

    cd correction
    /Users/student/PFB_problemsets/canu-2.2/bin/ovStoreDump \
     -S ../ecoli.seqStore \
     -O  ./ecoli.ovlStore \
     -counts \
     > ./ecoli.ovlStore/counts.dat 2> ./ecoli.ovlStore/counts.err

-- Finished on Mon Oct 17 17:47:12 2022 (like a bat out of hell) with 879.318 GB free disk space
----------------------------------------
--
-- Overlap store 'correction/ecoli.ovlStore' successfully constructed.
-- Found 382410 overlaps for 11075 reads; 215 reads have no overlaps.
--
--
-- Purged 0.324 GB in 6 overlap output files.
-- Finished stage 'cor-createOverlapStore', reset canuIteration.
-- Set corMinCoverage=4 based on read coverage of 21.74.
-- Computing correction layouts.
--   Local  filter coverage   80
--   Global filter coverage   40
----------------------------------------
-- Starting command on Mon Oct 17 17:47:12 2022 with 879.666 GB free disk space

    cd correction
    /Users/student/PFB_problemsets/canu-2.2/bin/generateCorrectionLayouts \
      -S ../ecoli.seqStore \
      -O  ./ecoli.ovlStore \
      -C  ./ecoli.corStore.WORKING \
      -eC 80 \
      -xC 40 \
    > ./ecoli.corStore.err 2>&1

-- Finished on Mon Oct 17 17:47:12 2022 (in the blink of an eye) with 879.652 GB free disk space
----------------------------------------
-- Finished stage 'cor-buildCorrectionLayoutsConfigure', reset canuIteration.
-- Computing correction layouts.
----------------------------------------
-- Starting command on Mon Oct 17 17:47:13 2022 with 879.652 GB free disk space

    cd correction/2-correction
    /Users/student/PFB_problemsets/canu-2.2/bin/filterCorrectionLayouts \
      -S  ../../ecoli.seqStore \
      -C     ../ecoli.corStore \
      -R      ./ecoli.readsToCorrect.WORKING \
      -cc 4 \
      -cl 1000 \
      -g  4800000 \
      -c  40 \
    > ./ecoli.readsToCorrect.err 2>&1

-- Finished on Mon Oct 17 17:47:13 2022 (one second) with 879.652 GB free disk space
----------------------------------------
--                             original      original
--                            raw reads     raw reads
--   category                w/overlaps  w/o/overlaps
--   -------------------- ------------- -------------
--   Number of Reads              11017           273
--   Number of Bases          102890638        244642
--   Coverage                    21.436         0.051
--   Median                        7712             0
--   Mean                          9339           896
--   N50                          14241         11524
--   Minimum                       1000             0
--   Maximum                      42279         18568
--   
--                                        --------corrected---------  ----------rescued----------
--                             evidence                     expected                     expected
--   category                     reads            raw     corrected            raw     corrected
--   -------------------- -------------  ------------- -------------  ------------- -------------
--   Number of Reads              11049          10529         10529              0             0
--   Number of Bases          102833831      100916578      97034997              0             0
--   Coverage                    21.424         21.024        20.216          0.000         0.000
--   Median                        7668           8031          7667              0             0
--   Mean                          9307           9584          9215              0             0
--   N50                          14219          14330         14044              0             0
--   Minimum                       1000           1003            48              0             0
--   Maximum                      42279          41342         41175              0             0
--   
--                        --------uncorrected--------
--                                           expected
--   category                       raw     corrected
--   -------------------- ------------- -------------
--   Number of Reads                761           761
--   Number of Bases            2218702         42268
--   Coverage                     0.462         0.009
--   Median                        1580             0
--   Mean                          2915            55
--   N50                           7255             0
--   Minimum                          0             0
--   Maximum                      42279         42268
--   
--   Maximum Memory           918617150
-- Finished stage 'cor-filterCorrectionLayouts', reset canuIteration.
--
-- Correction jobs estimated to need at most 0.855 GB for computation.
-- Correction jobs will request 6 GB each.
--
-- Local: cor        6.000 GB    4 CPUs x   2 jobs    12.000 GB   8 CPUs  (read correction)
--
--
-- Configuring correction jobs:
--   Reads estimated to need at most 0.855 GB for computation.
--   Jobs will request 6 GB each.
----------------------------------------
-- Starting command on Mon Oct 17 17:47:13 2022 with 879.652 GB free disk space

    cd correction/2-correction
    ./correctReadsPartition.sh \
    > ./correctReadsPartition.err 2>&1

-- Finished on Mon Oct 17 17:47:13 2022 (like a bat out of hell) with 879.652 GB free disk space
----------------------------------------
-- Finished stage 'cor-generateCorrectedReadsConfigure', reset canuIteration.
--
-- Running jobs.  First attempt out of 2.
----------------------------------------
-- Starting 'cor' concurrent execution on Mon Oct 17 17:47:13 2022 with 879.652 GB free disk space (2 processes; 2 concurrently)

    cd correction/2-correction
    ./correctReads.sh 1 > ./correctReads.000001.out 2>&1
    ./correctReads.sh 2 > ./correctReads.000002.out 2>&1

-- Finished on Mon Oct 17 17:58:20 2022 (667 seconds) with 879.483 GB free disk space
----------------------------------------
-- Found 2 read correction output files.
-- Finished stage 'cor-generateCorrectedReadsCheck', reset canuIteration.
-- Found 2 read correction output files.
-- Finished stage 'cor-generateCorrectedReadsCheck', reset canuIteration.
--
-- Loading corrected reads into corStore and seqStore.
----------------------------------------
-- Starting command on Mon Oct 17 17:58:20 2022 with 879.483 GB free disk space

    cd correction
    /Users/student/PFB_problemsets/canu-2.2/bin/loadCorrectedReads \
      -S ../ecoli.seqStore \
      -C ./ecoli.corStore \
      -L ./2-correction/corjob.files \
    >  ./ecoli.loadCorrectedReads.log \
    2> ./ecoli.loadCorrectedReads.err

-- Finished on Mon Oct 17 17:58:21 2022 (one second) with 879.44 GB free disk space
----------------------------------------
--
-- In sequence store './ecoli.seqStore':
--   Found 9283 reads.
--   Found 81476363 bases (16.97 times coverage).
--    Histogram of corrected reads:
--    
--    G=81476363                         sum of  ||               length     num
--    NG         length     index       lengths  ||                range    seqs
--    ----- ------------ --------- ------------  ||  ------------------- -------
--    00010        21846       324      8148233  ||       1003-1777          799|-------------------------------------------------------------
--    00020        19162       726     16300821  ||       1778-2552          828|---------------------------------------------------------------
--    00030        17230      1174     24444412  ||       2553-3327          647|--------------------------------------------------
--    00040        15133      1679     32596632  ||       3328-4102          583|---------------------------------------------
--    00050        13195      2255     40738378  ||       4103-4877          465|------------------------------------
--    00060        11083      2929     48896234  ||       4878-5652          450|-----------------------------------
--    00070         9198      3734     57041515  ||       5653-6427          430|---------------------------------
--    00080         7108      4739     65185017  ||       6428-7202          394|------------------------------
--    00090         4573      6146     73332952  ||       7203-7977          408|--------------------------------
--    00100         1003      9282     81476363  ||       7978-8752          345|---------------------------
--    001.000x                9283     81476363  ||       8753-9527          347|---------------------------
--                                               ||       9528-10302         342|---------------------------
--                                               ||      10303-11077         314|------------------------
--                                               ||      11078-11852         274|---------------------
--                                               ||      11853-12627         227|------------------
--                                               ||      12628-13402         242|-------------------
--                                               ||      13403-14177         247|-------------------
--                                               ||      14178-14952         201|----------------
--                                               ||      14953-15727         214|-----------------
--                                               ||      15728-16502         184|--------------
--                                               ||      16503-17277         177|--------------
--                                               ||      17278-18052         195|---------------
--                                               ||      18053-18827         154|------------
--                                               ||      18828-19602         190|---------------
--                                               ||      19603-20377         131|----------
--                                               ||      20378-21152         107|---------
--                                               ||      21153-21927          71|------
--                                               ||      21928-22702          63|-----
--                                               ||      22703-23477          52|----
--                                               ||      23478-24252          40|----
--                                               ||      24253-25027          36|---
--                                               ||      25028-25802          31|---
--                                               ||      25803-26577          25|--
--                                               ||      26578-27352          19|--
--                                               ||      27353-28127          10|-
--                                               ||      28128-28902           7|-
--                                               ||      28903-29677           5|-
--                                               ||      29678-30452           6|-
--                                               ||      30453-31227           5|-
--                                               ||      31228-32002           3|-
--                                               ||      32003-32777           5|-
--                                               ||      32778-33552           1|-
--                                               ||      33553-34327           3|-
--                                               ||      34328-35102           2|-
--                                               ||      35103-35877           0|
--                                               ||      35878-36652           2|-
--                                               ||      36653-37427           0|
--                                               ||      37428-38202           0|
--                                               ||      38203-38977           0|
--                                               ||      38978-39752           2|-
--    
--
-- Purging correctReads output after loading into stores.
-- Purged 2 .cns outputs.
-- Purged 4 .out job log outputs.
--
-- No corrected reads generated, overlaps used for correction saved.
-- Finished stage 'cor-loadCorrectedReads', reset canuIteration.
----------------------------------------
-- Starting command on Mon Oct 17 17:58:21 2022 with 879.605 GB free disk space

    cd .
    /Users/student/PFB_problemsets/canu-2.2/bin/sqStoreDumpFASTQ \
      -corrected \
      -S ./ecoli.seqStore \
      -o ./ecoli.correctedReads.gz \
      -fasta \
      -nolibname \
    > ecoli.correctedReads.fasta.err 2>&1

-- Finished on Mon Oct 17 17:58:22 2022 (one second) with 879.581 GB free disk space
----------------------------------------
--
-- Corrected reads saved in 'ecoli.correctedReads.fasta.gz'.
-- Finished stage 'cor-dumpCorrectedReads', reset canuIteration.
--
-- BEGIN TRIMMING
----------------------------------------
-- Starting command on Mon Oct 17 17:58:22 2022 with 879.581 GB free disk space

    cd trimming/0-mercounts
    ./meryl-configure.sh \
    > ./meryl-configure.err 2>&1

-- Finished on Mon Oct 17 17:58:22 2022 (like a bat out of hell) with 879.581 GB free disk space
----------------------------------------
--  segments   memory batches
--  -------- -------- -------
--        01  0.33 GB       2
--
--  For 9283 reads with 81476363 bases, limit to 1 batch.
--  Will count kmers using 01 jobs, each using 2 GB and 4 threads.
--
-- Finished stage 'merylConfigure', reset canuIteration.
--
-- Running jobs.  First attempt out of 2.
----------------------------------------
-- Starting 'meryl' concurrent execution on Mon Oct 17 17:58:22 2022 with 879.581 GB free disk space (1 processes; 2 concurrently)

    cd trimming/0-mercounts
    ./meryl-count.sh 1 > ./meryl-count.000001.out 2>&1

-- Finished on Mon Oct 17 17:58:28 2022 (6 seconds) with 879.512 GB free disk space
----------------------------------------
-- Found 1 Kmer counting (meryl) outputs.
-- Finished stage 'obt-merylCountCheck', reset canuIteration.
--
-- Running jobs.  First attempt out of 2.
----------------------------------------
-- Starting 'meryl' concurrent execution on Mon Oct 17 17:58:28 2022 with 879.512 GB free disk space (1 processes; 2 concurrently)

    cd trimming/0-mercounts
    ./meryl-process.sh 1 > ./meryl-process.000001.out 2>&1

-- Finished on Mon Oct 17 17:58:29 2022 (one second) with 879.544 GB free disk space
----------------------------------------
-- Meryl finished successfully.  Kmer frequency histogram:
--
-- WARNING: gnuplot failed.
--
----------------------------------------
--
--  22-mers                                                                                           Fraction
--    Occurrences   NumMers                                                                         Unique Total
--       1-     1         0                                                                        0.0000 0.0000
--       2-     2    498672 *********************                                                  0.0907 0.0129
--       3-     4    341419 **************                                                         0.1293 0.0211
--       5-     7    287346 ************                                                           0.1708 0.0342
--       8-    11    641516 ***************************                                            0.2262 0.0620
--      12-    16   1617399 ********************************************************************   0.3686 0.1705
--      17-    22   1645554 ********************************************************************** 0.6804 0.5041
--      23-    29    410128 *****************                                                      0.9398 0.8728
--      30-    37     26607 *                                                                      0.9921 0.9677
--      38-    46      8891                                                                        0.9954 0.9753
--      47-    56      4071                                                                        0.9969 0.9798
--      57-    67      2664                                                                        0.9976 0.9823
--      68-    79      1902                                                                        0.9981 0.9844
--      80-    92      2501                                                                        0.9984 0.9863
--      93-   106      2327                                                                        0.9989 0.9891
--     107-   121      1544                                                                        0.9993 0.9921
--     122-   137       811                                                                        0.9995 0.9941
--     138-   154       468                                                                        0.9997 0.9956
--     155-   172       102                                                                        0.9998 0.9963
--     173-   191       190                                                                        0.9998 0.9965
--     192-   211       605                                                                        0.9998 0.9970
--     212-   232       324                                                                        0.9999 0.9985
--     233-   254         5                                                                        1.0000 0.9994
--     255-   277         8                                                                        1.0000 0.9994
--     278-   301         5                                                                        1.0000 0.9995
--     302-   326         1                                                                        1.0000 0.9995
--     327-   352         2                                                                        1.0000 0.9995
--     353-   379         1                                                                        1.0000 0.9995
--     380-   407         3                                                                        1.0000 0.9995
--     408-   436         4                                                                        1.0000 0.9995
--     437-   466         1                                                                        1.0000 0.9995
--     467-   497         4                                                                        1.0000 0.9996
--     498-   529         2                                                                        1.0000 0.9996
--     530-   562         0                                                                        0.0000 0.0000
--     563-   596         4                                                                        1.0000 0.9996
--     597-   631         1                                                                        1.0000 0.9996
--     632-   667         2                                                                        1.0000 0.9996
--     668-   704         4                                                                        1.0000 0.9996
--     705-   742         1                                                                        1.0000 0.9997
--     743-   781         4                                                                        1.0000 0.9997
--     782-   821         8                                                                        1.0000 0.9998
--
--           0 (max occurrences)
--    77439448 (total mers, non-unique)
--     5495115 (distinct mers, non-unique)
--           0 (unique mers)
-- Finished stage 'meryl-process', reset canuIteration.
--
-- Removing meryl database 'trimming/0-mercounts/ecoli.ms22'.
--
-- OVERLAPPER (normal) (trimming) erate=0.045
--
----------------------------------------
-- Starting command on Mon Oct 17 17:58:29 2022 with 879.58 GB free disk space

    cd trimming/1-overlapper
    /Users/student/PFB_problemsets/canu-2.2/bin/overlapInCorePartition \
     -S  ../../ecoli.seqStore \
     -hl 80000000 \
     -rl 1000000000 \
     -ol 500 \
     -o  ./ecoli.partition \
    > ./ecoli.partition.err 2>&1

-- Finished on Mon Oct 17 17:58:29 2022 (like a bat out of hell) with 879.58 GB free disk space
----------------------------------------
--
-- Configured 2 overlapInCore jobs.
-- Finished stage 'obt-overlapConfigure', reset canuIteration.
--
-- Running jobs.  First attempt out of 2.
----------------------------------------
-- Starting 'obtovl' concurrent execution on Mon Oct 17 17:58:29 2022 with 879.58 GB free disk space (2 processes; 1 concurrently)

    cd trimming/1-overlapper
    ./overlap.sh 1 > ./overlap.000001.out 2>&1
    ./overlap.sh 2 > ./overlap.000002.out 2>&1

-- Finished on Mon Oct 17 17:59:19 2022 (50 seconds) with 879.576 GB free disk space
----------------------------------------
-- Found 2 overlapInCore output files.
--
-- overlapInCore compute 'trimming/1-overlapper':
--   kmer hits
--     with no overlap           464749    232374.5 +- 309737.518
--     with an overlap           212371    106185.5 +- 139276.701
--
--   overlaps                    212351    106175.5 +- 139262.559
--     contained                      0           0 +- 0
--     dovetail                       0           0 +- 0
--
--   overlaps rejected
--     multiple per pair              0           0 +- 0
--     bad short window               0           0 +- 0
--     bad long window                0           0 +- 0
-- Finished stage 'obt-overlapCheck', reset canuIteration.
----------------------------------------
-- Starting command on Mon Oct 17 17:59:19 2022 with 879.576 GB free disk space

    cd trimming
    /Users/student/PFB_problemsets/canu-2.2/bin/ovStoreConfig \
     -S ../ecoli.seqStore \
     -M 3 \
     -L ./1-overlapper/ovljob.files \
     -create ./ecoli.ovlStore.config \
     > ./ecoli.ovlStore.config.txt \
    2> ./ecoli.ovlStore.config.err

-- Finished on Mon Oct 17 17:59:19 2022 (furiously fast) with 879.576 GB free disk space
----------------------------------------
--
-- Creating overlap store trimming/ecoli.ovlStore using:
--      2 buckets
--      2 slices
--        using at most 1 GB memory each
-- Finished stage 'obt-overlapStoreConfigure', reset canuIteration.
--
-- Running jobs.  First attempt out of 2.
----------------------------------------
-- Starting 'ovB' concurrent execution on Mon Oct 17 17:59:19 2022 with 879.576 GB free disk space (2 processes; 4 concurrently)

    cd trimming/ecoli.ovlStore.BUILDING
    ./scripts/1-bucketize.sh 1 > ./logs/1-bucketize.000001.out 2>&1
    ./scripts/1-bucketize.sh 2 > ./logs/1-bucketize.000002.out 2>&1

-- Finished on Mon Oct 17 17:59:19 2022 (like a bat out of hell) with 879.568 GB free disk space
----------------------------------------
-- Overlap store bucketizer finished.
-- Finished stage 'obt-overlapStoreBucketizerCheck', reset canuIteration.
--
-- Running jobs.  First attempt out of 2.
----------------------------------------
-- Starting 'ovS' concurrent execution on Mon Oct 17 17:59:19 2022 with 879.568 GB free disk space (2 processes; 2 concurrently)

    cd trimming/ecoli.ovlStore.BUILDING
    ./scripts/2-sort.sh 1 > ./logs/2-sort.000001.out 2>&1
    ./scripts/2-sort.sh 2 > ./logs/2-sort.000002.out 2>&1

-- Finished on Mon Oct 17 17:59:20 2022 (one second) with 879.567 GB free disk space
----------------------------------------
-- Overlap store sorter finished.
-- Finished stage 'obt-overlapStoreSorterCheck', reset canuIteration.
----------------------------------------
-- Starting command on Mon Oct 17 17:59:20 2022 with 879.567 GB free disk space

    cd trimming
    /Users/student/PFB_problemsets/canu-2.2/bin/ovStoreIndexer \
      -O  ./ecoli.ovlStore.BUILDING \
      -S ../ecoli.seqStore \
      -C  ./ecoli.ovlStore.config \
      -delete \
    > ./ecoli.ovlStore.BUILDING.index.err 2>&1

-- Finished on Mon Oct 17 17:59:20 2022 (like a bat out of hell) with 879.567 GB free disk space
----------------------------------------
-- Overlap store indexer finished.
-- Checking store.
----------------------------------------
-- Starting command on Mon Oct 17 17:59:20 2022 with 879.567 GB free disk space

    cd trimming
    /Users/student/PFB_problemsets/canu-2.2/bin/ovStoreDump \
     -S ../ecoli.seqStore \
     -O  ./ecoli.ovlStore \
     -counts \
     > ./ecoli.ovlStore/counts.dat 2> ./ecoli.ovlStore/counts.err

-- Finished on Mon Oct 17 17:59:20 2022 (lickety-split) with 879.567 GB free disk space
----------------------------------------
--
-- Overlap store 'trimming/ecoli.ovlStore' successfully constructed.
-- Found 424742 overlaps for 9280 reads; 2010 reads have no overlaps.
--
--
-- Purged 0.004 GB in 6 overlap output files.
-- Finished stage 'obt-createOverlapStore', reset canuIteration.
----------------------------------------
-- Starting command on Mon Oct 17 17:59:20 2022 with 879.571 GB free disk space

    cd trimming/3-overlapbasedtrimming
    /Users/student/PFB_problemsets/canu-2.2/bin/trimReads \
      -S  ../../ecoli.seqStore \
      -O  ../ecoli.ovlStore \
      -Co ./ecoli.1.trimReads.clear \
      -e  0.045 \
      -minlength 1000 \
      -ol 500 \
      -oc 2 \
      -o  ./ecoli.1.trimReads \
    >     ./ecoli.1.trimReads.err 2>&1

-- Finished on Mon Oct 17 17:59:20 2022 (in the blink of an eye) with 879.57 GB free disk space
----------------------------------------
--  PARAMETERS:
--  ----------
--     1000    (reads trimmed below this many bases are deleted)
--   0.0450    (use overlaps at or below this fraction error)
--      500    (break region if overlap is less than this long, for 'largest covered' algorithm)
--        2    (break region if overlap coverage is less than this many reads, for 'largest covered' algorithm)
--  
--  INPUT READS:
--  -----------
--   11290 reads     81476363 bases (reads processed)
--       0 reads            0 bases (reads not processed, previously deleted)
--       0 reads            0 bases (reads not processed, in a library where trimming isn't allowed)
--  
--  OUTPUT READS:
--  ------------
--    5478 reads     49296626 bases (trimmed reads output)
--    3702 reads     29944572 bases (reads with no change, kept as is)
--    2010 reads         3447 bases (reads with no overlaps, deleted)
--     100 reads       188962 bases (reads with short trimmed length, deleted)
--  
--  TRIMMING DETAILS:
--  ----------------
--    3936 reads      1121488 bases (bases trimmed from the 5' end of a read)
--    2888 reads       921268 bases (bases trimmed from the 3' end of a read)
-- Finished stage 'obt-trimReads', reset canuIteration.
----------------------------------------
-- Starting command on Mon Oct 17 17:59:20 2022 with 879.57 GB free disk space

    cd trimming/3-overlapbasedtrimming
    /Users/student/PFB_problemsets/canu-2.2/bin/splitReads \
      -S  ../../ecoli.seqStore \
      -O  ../ecoli.ovlStore \
      -Ci ./ecoli.1.trimReads.clear \
      -Co ./ecoli.2.splitReads.clear \
      -e  0.045 \
      -minlength 1000 \
      -o  ./ecoli.2.splitReads \
    >     ./ecoli.2.splitReads.err 2>&1

-- Finished on Mon Oct 17 17:59:20 2022 (lickety-split) with 879.57 GB free disk space
----------------------------------------
--  PARAMETERS:
--  ----------
--     1000    (reads trimmed below this many bases are deleted)
--   0.0450    (use overlaps at or below this fraction error)
--  INPUT READS:
--  -----------
--    9180 reads     81283954 bases (reads processed)
--    2110 reads       192409 bases (reads not processed, previously deleted)
--       0 reads            0 bases (reads not processed, in a library where trimming isn't allowed)
--  
--  PROCESSED:
--  --------
--       0 reads            0 bases (no overlaps)
--       0 reads            0 bases (no coverage after adjusting for trimming done already)
--       0 reads            0 bases (processed for chimera)
--       0 reads            0 bases (processed for spur)
--    9180 reads     81283954 bases (processed for subreads)
--  
--  READS WITH SIGNALS:
--  ------------------
--       0 reads            0 signals (number of 5' spur signal)
--       0 reads            0 signals (number of 3' spur signal)
--       0 reads            0 signals (number of chimera signal)
--       0 reads            0 signals (number of subread signal)
--  
--  SIGNALS:
--  -------
--       0 reads            0 bases (size of 5' spur signal)
--       0 reads            0 bases (size of 3' spur signal)
--       0 reads            0 bases (size of chimera signal)
--       0 reads            0 bases (size of subread signal)
--  
--  TRIMMING:
--  --------
--       0 reads            0 bases (trimmed from the 5' end of the read)
--       0 reads            0 bases (trimmed from the 3' end of the read)
-- Finished stage 'obt-splitReads', reset canuIteration.
----------------------------------------
-- Starting command on Mon Oct 17 17:59:20 2022 with 879.57 GB free disk space

    cd trimming/3-overlapbasedtrimming
    /Users/student/PFB_problemsets/canu-2.2/bin/loadTrimmedReads \
      -S ../../ecoli.seqStore \
      -c ./ecoli.2.splitReads.clear \
    > ./ecoli.loadTrimmedReads.err 2>&1

-- Finished on Mon Oct 17 17:59:21 2022 (one second) with 879.569 GB free disk space
----------------------------------------
--
-- In sequence store './ecoli.seqStore':
--   Found 9180 reads.
--   Found 79241198 bases (16.5 times coverage).
--    Histogram of corrected-trimmed reads:
--    
--    G=79241198                         sum of  ||               length     num
--    NG         length     index       lengths  ||                range    seqs
--    ----- ------------ --------- ------------  ||  ------------------- -------
--    00010        21700       317      7929400  ||       1003-1772          816|------------------------------------------------------------
--    00020        19007       711     15863545  ||       1773-2542          861|---------------------------------------------------------------
--    00030        17106      1150     23779387  ||       2543-3312          657|-------------------------------------------------
--    00040        15007      1645     31704595  ||       3313-4082          560|-----------------------------------------
--    00050        13040      2212     39633314  ||       4083-4852          463|----------------------------------
--    00060        10983      2874     47553971  ||       4853-5622          454|----------------------------------
--    00070         9032      3668     55473654  ||       5623-6392          406|------------------------------
--    00080         6973      4663     63397055  ||       6393-7162          397|------------------------------
--    00090         4458      6060     71319854  ||       7163-7932          406|------------------------------
--    00100         1003      9179     79241198  ||       7933-8702          350|--------------------------
--    001.000x                9180     79241198  ||       8703-9472          332|-------------------------
--                                               ||       9473-10242         316|------------------------
--                                               ||      10243-11012         297|----------------------
--                                               ||      11013-11782         271|--------------------
--                                               ||      11783-12552         243|------------------
--                                               ||      12553-13322         241|------------------
--                                               ||      13323-14092         224|-----------------
--                                               ||      14093-14862         201|---------------
--                                               ||      14863-15632         200|---------------
--                                               ||      15633-16402         178|--------------
--                                               ||      16403-17172         179|--------------
--                                               ||      17173-17942         189|--------------
--                                               ||      17943-18712         151|------------
--                                               ||      18713-19482         177|-------------
--                                               ||      19483-20252         133|----------
--                                               ||      20253-21022          98|--------
--                                               ||      21023-21792          69|------
--                                               ||      21793-22562          64|-----
--                                               ||      22563-23332          48|----
--                                               ||      23333-24102          38|---
--                                               ||      24103-24872          36|---
--                                               ||      24873-25642          27|--
--                                               ||      25643-26412          29|---
--                                               ||      26413-27182          20|--
--                                               ||      27183-27952           9|-
--                                               ||      27953-28722           5|-
--                                               ||      28723-29492           7|-
--                                               ||      29493-30262           4|-
--                                               ||      30263-31032           8|-
--                                               ||      31033-31802           1|-
--                                               ||      31803-32572           5|-
--                                               ||      32573-33342           1|-
--                                               ||      33343-34112           3|-
--                                               ||      34113-34882           2|-
--                                               ||      34883-35652           0|
--                                               ||      35653-36422           2|-
--                                               ||      36423-37192           0|
--                                               ||      37193-37962           0|
--                                               ||      37963-38732           0|
--                                               ||      38733-39502           2|-
--    
--
-- No trimmed reads generated, overlaps used for trimming saved.
-- Finished stage 'obt-dumpReads', reset canuIteration.
----------------------------------------
-- Starting command on Mon Oct 17 17:59:21 2022 with 879.569 GB free disk space

    cd .
    /Users/student/PFB_problemsets/canu-2.2/bin/sqStoreDumpFASTQ \
      -trimmed \
      -S ./ecoli.seqStore \
      -o ./ecoli.trimmedReads.gz \
      -fasta \
      -trimmed -normal -nolibname \
    > ./ecoli.trimmedReads.fasta.err 2>&1

-- Finished on Mon Oct 17 17:59:22 2022 (one second) with 879.544 GB free disk space
----------------------------------------
--
-- Trimmed reads saved in 'ecoli.trimmedReads.fasta.gz'.
-- Finished stage 'cor-dumpTrimmedReads', reset canuIteration.
--
-- BEGIN ASSEMBLY
----------------------------------------
-- Starting command on Mon Oct 17 17:59:22 2022 with 879.544 GB free disk space

    cd unitigging/0-mercounts
    ./meryl-configure.sh \
    > ./meryl-configure.err 2>&1

-- Finished on Mon Oct 17 17:59:22 2022 (lickety-split) with 879.544 GB free disk space
----------------------------------------
--  segments   memory batches
--  -------- -------- -------
--        01  0.32 GB       2
--
--  For 9180 reads with 79241198 bases, limit to 1 batch.
--  Will count kmers using 01 jobs, each using 2 GB and 4 threads.
--
-- Finished stage 'merylConfigure', reset canuIteration.
--
-- Running jobs.  First attempt out of 2.
----------------------------------------
-- Starting 'meryl' concurrent execution on Mon Oct 17 17:59:22 2022 with 879.544 GB free disk space (1 processes; 2 concurrently)

    cd unitigging/0-mercounts
    ./meryl-count.sh 1 > ./meryl-count.000001.out 2>&1

-- Finished on Mon Oct 17 17:59:28 2022 (6 seconds) with 879.481 GB free disk space
----------------------------------------
-- Found 1 Kmer counting (meryl) outputs.
-- Finished stage 'utg-merylCountCheck', reset canuIteration.
--
-- Running jobs.  First attempt out of 2.
----------------------------------------
-- Starting 'meryl' concurrent execution on Mon Oct 17 17:59:28 2022 with 879.481 GB free disk space (1 processes; 2 concurrently)

    cd unitigging/0-mercounts
    ./meryl-process.sh 1 > ./meryl-process.000001.out 2>&1

-- Finished on Mon Oct 17 17:59:29 2022 (one second) with 879.508 GB free disk space
----------------------------------------
-- Meryl finished successfully.  Kmer frequency histogram:
--
-- WARNING: gnuplot failed.
--
----------------------------------------
--
--  22-mers                                                                                           Fraction
--    Occurrences   NumMers                                                                         Unique Total
--       1-     1         0                                                                        0.0000 0.0000
--       2-     2    471877 ********************                                                   0.0867 0.0125
--       3-     4    336879 **************                                                         0.1246 0.0207
--       5-     7    305282 ************                                                           0.1671 0.0342
--       8-    11    690609 *****************************                                          0.2279 0.0652
--      12-    16   1649042 ********************************************************************** 0.3815 0.1837
--      17-    22   1571465 ******************************************************************     0.6984 0.5271
--      23-    29    366233 ***************                                                        0.9461 0.8833
--      30-    37     23841 *                                                                      0.9924 0.9682
--      38-    46      8748                                                                        0.9955 0.9757
--      47-    56      3863                                                                        0.9970 0.9802
--      57-    67      2688                                                                        0.9976 0.9826
--      68-    79      2125                                                                        0.9981 0.9846
--      80-    92      3057                                                                        0.9985 0.9868
--      93-   106      1728                                                                        0.9990 0.9904
--     107-   121      1240                                                                        0.9993 0.9926
--     122-   137       932                                                                        0.9996 0.9944
--     138-   154       242                                                                        0.9997 0.9959
--     155-   172       153                                                                        0.9998 0.9963
--     173-   191       275                                                                        0.9998 0.9967
--     192-   211       493                                                                        0.9999 0.9975
--     212-   232       284                                                                        0.9999 0.9987
--     233-   254         8                                                                        1.0000 0.9994
--     255-   277         8                                                                        1.0000 0.9995
--     278-   301         2                                                                        1.0000 0.9995
--     302-   326         1                                                                        1.0000 0.9995
--     327-   352         1                                                                        1.0000 0.9995
--     353-   379         1                                                                        1.0000 0.9995
--     380-   407         6                                                                        1.0000 0.9995
--     408-   436         1                                                                        1.0000 0.9995
--     437-   466         5                                                                        1.0000 0.9995
--     467-   497         2                                                                        1.0000 0.9996
--     498-   529         0                                                                        0.0000 0.0000
--     530-   562         4                                                                        1.0000 0.9996
--     563-   596         0                                                                        0.0000 0.0000
--     597-   631         1                                                                        1.0000 0.9996
--     632-   667         2                                                                        1.0000 0.9996
--     668-   704         4                                                                        1.0000 0.9996
--     705-   742         3                                                                        1.0000 0.9997
--     743-   781         6                                                                        1.0000 0.9997
--     782-   821         5                                                                        1.0000 0.9998
--
--           0 (max occurrences)
--    75628146 (total mers, non-unique)
--     5441129 (distinct mers, non-unique)
--           0 (unique mers)
-- Finished stage 'meryl-process', reset canuIteration.
--
-- Removing meryl database 'unitigging/0-mercounts/ecoli.ms22'.
--
-- OVERLAPPER (normal) (assembly) erate=0.045
--
----------------------------------------
-- Starting command on Mon Oct 17 17:59:29 2022 with 879.544 GB free disk space

    cd unitigging/1-overlapper
    /Users/student/PFB_problemsets/canu-2.2/bin/overlapInCorePartition \
     -S  ../../ecoli.seqStore \
     -hl 80000000 \
     -rl 1000000000 \
     -ol 500 \
     -o  ./ecoli.partition \
    > ./ecoli.partition.err 2>&1

-- Finished on Mon Oct 17 17:59:29 2022 (in the blink of an eye) with 879.544 GB free disk space
----------------------------------------
--
-- Configured 1 overlapInCore jobs.
-- Finished stage 'utg-overlapConfigure', reset canuIteration.
--
-- Running jobs.  First attempt out of 2.
----------------------------------------
-- Starting 'utgovl' concurrent execution on Mon Oct 17 17:59:29 2022 with 879.544 GB free disk space (1 processes; 1 concurrently)

    cd unitigging/1-overlapper
    ./overlap.sh 1 > ./overlap.000001.out 2>&1

-- Finished on Mon Oct 17 18:00:24 2022 (55 seconds) with 879.541 GB free disk space
----------------------------------------
-- Found 1 overlapInCore output files.
--
-- overlapInCore compute 'unitigging/1-overlapper':
--   kmer hits
--     with no overlap           486444      486444 +- 0
--     with an overlap           151648      151648 +- 0
--
--   overlaps                    151648      151648 +- 0
--     contained                  66354       66354 +- 0
--     dovetail                   85294       85294 +- 0
--
--   overlaps rejected
--     multiple per pair              0           0 +- 0
--     bad short window               0           0 +- 0
--     bad long window                0           0 +- 0
-- Finished stage 'utg-overlapCheck', reset canuIteration.
----------------------------------------
-- Starting command on Mon Oct 17 18:00:24 2022 with 879.541 GB free disk space

    cd unitigging
    /Users/student/PFB_problemsets/canu-2.2/bin/ovStoreConfig \
     -S ../ecoli.seqStore \
     -M 3 \
     -L ./1-overlapper/ovljob.files \
     -create ./ecoli.ovlStore.config \
     > ./ecoli.ovlStore.config.txt \
    2> ./ecoli.ovlStore.config.err

-- Finished on Mon Oct 17 18:00:24 2022 (like a bat out of hell) with 879.541 GB free disk space
----------------------------------------
--
-- Creating overlap store unitigging/ecoli.ovlStore using:
--      1 bucket
--      2 slices
--        using at most 1 GB memory each
-- Finished stage 'utg-overlapStoreConfigure', reset canuIteration.
--
-- Running jobs.  First attempt out of 2.
----------------------------------------
-- Starting 'ovB' concurrent execution on Mon Oct 17 18:00:24 2022 with 879.541 GB free disk space (1 processes; 4 concurrently)

    cd unitigging/ecoli.ovlStore.BUILDING
    ./scripts/1-bucketize.sh 1 > ./logs/1-bucketize.000001.out 2>&1

-- Finished on Mon Oct 17 18:00:25 2022 (one second) with 879.536 GB free disk space
----------------------------------------
-- Overlap store bucketizer finished.
-- Finished stage 'utg-overlapStoreBucketizerCheck', reset canuIteration.
--
-- Running jobs.  First attempt out of 2.
----------------------------------------
-- Starting 'ovS' concurrent execution on Mon Oct 17 18:00:25 2022 with 879.536 GB free disk space (2 processes; 2 concurrently)

    cd unitigging/ecoli.ovlStore.BUILDING
    ./scripts/2-sort.sh 1 > ./logs/2-sort.000001.out 2>&1
    ./scripts/2-sort.sh 2 > ./logs/2-sort.000002.out 2>&1

-- Finished on Mon Oct 17 18:00:25 2022 (in the blink of an eye) with 879.534 GB free disk space
----------------------------------------
-- Overlap store sorter finished.
-- Finished stage 'utg-overlapStoreSorterCheck', reset canuIteration.
----------------------------------------
-- Starting command on Mon Oct 17 18:00:25 2022 with 879.534 GB free disk space

    cd unitigging
    /Users/student/PFB_problemsets/canu-2.2/bin/ovStoreIndexer \
      -O  ./ecoli.ovlStore.BUILDING \
      -S ../ecoli.seqStore \
      -C  ./ecoli.ovlStore.config \
      -delete \
    > ./ecoli.ovlStore.BUILDING.index.err 2>&1

-- Finished on Mon Oct 17 18:00:25 2022 (like a bat out of hell) with 879.535 GB free disk space
----------------------------------------
-- Overlap store indexer finished.
-- Checking store.
----------------------------------------
-- Starting command on Mon Oct 17 18:00:25 2022 with 879.535 GB free disk space

    cd unitigging
    /Users/student/PFB_problemsets/canu-2.2/bin/ovStoreDump \
     -S ../ecoli.seqStore \
     -O  ./ecoli.ovlStore \
     -counts \
     > ./ecoli.ovlStore/counts.dat 2> ./ecoli.ovlStore/counts.err

-- Finished on Mon Oct 17 18:00:25 2022 (like a bat out of hell) with 879.534 GB free disk space
----------------------------------------
--
-- Overlap store 'unitigging/ecoli.ovlStore' successfully constructed.
-- Found 303296 overlaps for 9180 reads; 2110 reads have no overlaps.
--
--
-- Purged 0.002 GB in 3 overlap output files.
----------------------------------------
-- Starting command on Mon Oct 17 18:00:25 2022 with 879.538 GB free disk space

    cd unitigging
    /Users/student/PFB_problemsets/canu-2.2/bin/ovStoreStats \
     -C 16.5 \
     -S ../ecoli.seqStore \
     -O  ./ecoli.ovlStore \
     -o  ./ecoli.ovlStore \
     > ./ecoli.ovlStore.summary.err 2>&1

-- Finished on Mon Oct 17 18:00:25 2022 (furiously fast) with 879.537 GB free disk space
----------------------------------------
--
-- Overlap store 'unitigging/ecoli.ovlStore' contains:
--
--   category            reads     %          read length        feature size or coverage  analysis
--   ----------------  -------  -------  ----------------------  ------------------------  --------------------
--   middle-missing          1    0.01    13043.00 +- 0.00           328.00 +- 0.00       (bad trimming)
--   middle-hump             0    0.00        0.00 +- 0.00             0.00 +- 0.00       (bad trimming)
--   no-5-prime              2    0.02    14974.50 +- 1161.78         14.50 +- 20.51      (bad trimming)
--   no-3-prime              1    0.01    12109.00 +- 0.00          1079.00 +- 0.00       (bad trimming)
--   
--   low-coverage            3    0.03     2485.67 +- 529.32           4.52 +- 0.81       (easy to assemble, potential for lower quality consensus)
--   unique               8099   88.22     8295.34 +- 6125.59         16.88 +- 3.99       (easy to assemble, perfect, yay)
--   repeat-cont            52    0.57     2149.88 +- 1335.37         51.15 +- 27.78      (potential for consensus errors, no impact on assembly)
--   repeat-dove             0    0.00        0.00 +- 0.00             0.00 +- 0.00       (hard to assemble, likely won't assemble correctly or even at all)
--   
--   span-repeat           707    7.70    12424.70 +- 7008.24       2117.52 +- 2740.04    (read spans a large repeat, usually easy to assemble)
--   uniq-repeat-cont      258    2.81     8278.16 +- 4831.60                             (should be uniquely placed, low potential for consensus errors, no impact on assembly)
--   uniq-repeat-dove       52    0.57    18089.42 +- 4814.41                             (will end contigs, potential to misassemble)
--   uniq-anchor             5    0.05     4448.60 +- 1857.32        947.40 +- 802.98     (repeat read, with unique section, probable bad read)
-- Finished stage 'utg-createOverlapStore', reset canuIteration.
--
-- Loading read lengths.
-- Loading number of overlaps per read.
--
-- Configure RED for 8gb memory.
--                   Batches of at most (unlimited) reads.
--                                      500000000 bases.
--                   Expecting evidence of at most 536870912 bases per iteration.
--
--           Total                                               Reads                 Olaps Evidence
--    Job   Memory      Read Range         Reads        Bases   Memory        Olaps   Memory   Memory  (Memory in MB)
--   ---- -------- ------------------- --------- ------------ -------- ------------ -------- --------
--      1  8192.29         1-6057           4951     41928948  5118.44       161923     1.85  1024.00
--      2  7651.96      6058-11290          4332     37504659  4578.34       141373     1.62  1024.00
--   ---- -------- ------------------- --------- ------------ -------- ------------ -------- --------
--                                                   79433607                303296
-- Finished stage 'readErrorDetectionConfigure', reset canuIteration.
--
-- Running jobs.  First attempt out of 2.
----------------------------------------
-- Starting 'red' concurrent execution on Mon Oct 17 18:00:25 2022 with 879.537 GB free disk space (2 processes; 2 concurrently)

    cd unitigging/3-overlapErrorAdjustment
    ./red.sh 1 > ./red.000001.out 2>&1
    ./red.sh 2 > ./red.000002.out 2>&1

-- Finished on Mon Oct 17 18:00:37 2022 (12 seconds) with 879.535 GB free disk space
----------------------------------------
-- Found 2 read error detection output files.
-- Finished stage 'readErrorDetectionCheck', reset canuIteration.
--
-- Loading read lengths.
-- Loading number of overlaps per read.
--
-- Configure OEA for 8gb memory.
--                   Batches of at most (unlimited) reads.
--                                      300000000 bases.
--
--           Total                                               Reads                 Olaps  Adjusts
--    Job   Memory      Read Range         Reads        Bases   Memory        Olaps   Memory   Memory  (Memory in MB)
--   ---- -------- ------------------- --------- ------------ -------- ------------ -------- --------
--      1  2467.10         1-11290          9283     79433607    84.04       303296     9.26   325.80
--   ---- -------- ------------------- --------- ------------ -------- ------------ -------- --------
--                                                   79433607                303296
-- Finished stage 'overlapErrorAdjustmentConfigure', reset canuIteration.
--
-- Running jobs.  First attempt out of 2.
----------------------------------------
-- Starting 'oea' concurrent execution on Mon Oct 17 18:00:37 2022 with 879.535 GB free disk space (1 processes; 2 concurrently)

    cd unitigging/3-overlapErrorAdjustment
    ./oea.sh 1 > ./oea.000001.out 2>&1

-- Finished on Mon Oct 17 18:00:41 2022 (4 seconds) with 879.535 GB free disk space
----------------------------------------
-- Found 1 overlap error adjustment output files.
-- Finished stage 'overlapErrorAdjustmentCheck', reset canuIteration.
----------------------------------------
-- Starting command on Mon Oct 17 18:00:41 2022 with 879.535 GB free disk space

    cd unitigging/3-overlapErrorAdjustment
    /Users/student/PFB_problemsets/canu-2.2/bin/loadErates \
      -S ../../ecoli.seqStore \
      -O ../ecoli.ovlStore \
      -L ./oea.files \
    > ./oea.apply.err 2>&1

-- Finished on Mon Oct 17 18:00:41 2022 (in the blink of an eye) with 879.534 GB free disk space
----------------------------------------
-- No report available.
-- Finished stage 'updateOverlapStore', reset canuIteration.
-- Finished stage 'unitig', reset canuIteration.
--
-- Running jobs.  First attempt out of 2.
----------------------------------------
-- Starting 'bat' concurrent execution on Mon Oct 17 18:00:41 2022 with 879.534 GB free disk space (1 processes; 1 concurrently)

    cd unitigging/4-unitigger
    ./unitigger.sh 1 > ./unitigger.000001.out 2>&1

-- Finished on Mon Oct 17 18:00:42 2022 (one second) with 879.533 GB free disk space
----------------------------------------
-- Unitigger finished successfully.
--  
--  ERROR RATES
--  -----------
--                                                   --------threshold------
--  10220                        fraction error      fraction        percent
--  samples                              (1e-5)         error          error
--                   --------------------------      --------       --------
--  command line (-eg)                           ->   4500.00        4.5000%
--  command line (-ef)                           ->  -----.--      ---.----%
--  command line (-eM)                           ->   4500.00        4.5000%
--  mean + std.dev     121.16 +-  12 *   118.65  ->   1544.93        1.5449%
--  median + mad        98.00 +-  12 *    98.00  ->   1841.54        1.8415%  (enabled)
--  90th percentile                              ->    286.00        0.2860%
--  
--  BEST EDGE FILTERING
--  -------------------
--  At graph threshold 4.5000%, reads:
--    available to have edges:         1043
--    with at least one edge:          1043
--  
--  At max threshold 4.5000%, reads:  (not computed)
--    available to have edges:            0
--    with at least one edge:             0
--  
--  At tight threshold 1.8415%, reads with:
--    both edges below error threshold:      1043  (80.00% minReadsBest threshold = 834)
--    one  edge  above error threshold:         0
--    both edges above error threshold:         0
--    at least one edge:                     1043
--  
--  At loose threshold 1.5449%, reads with:
--    both edges below error threshold:      1043  (80.00% minReadsBest threshold = 834)
--    one  edge  above error threshold:         0
--    both edges above error threshold:         0
--    at least one edge:                     1043
--  
--  
--  INITIAL EDGES
--  -------- ----------------------------------------
--      8131 reads are contained
--      2115 reads have no best edges (singleton)
--         7 reads have only one best edge (spur) 
--                  7 are mutual best
--      1037 reads have two best edges 
--                  1 have one mutual best edge
--               1036 have two mutual best edges
--  
--  
--  FINAL EDGES
--  -------- ----------------------------------------
--      8131 reads are contained
--      2116 reads have no best edges (singleton)
--         6 reads have only one best edge (spur) 
--                  6 are mutual best
--      1037 reads have two best edges 
--                  0 have one mutual best edge
--               1037 have two mutual best edges
--  
--  
--  EDGE FILTERING
--  -------- ------------------------------------------
--         0 reads are ignored
--         5 reads have a gap in overlap coverage
--         0 reads have lopsided best edges
-- Found, in version 1, after unitig construction:
--   contigs:      3 sequences, total length 4654002 bp (including 0 repeats of total length 0 bp).
--   bubbles:      0 sequences, total length 0 bp.
--   unassembled:  5 sequences, total length 68972 bp.
--
-- Contig sizes based on genome size 4.8mbp:
--
--            NG (bp)  LG (contigs)    sum (bp)
--         ----------  ------------  ----------
--     10     2610926             1     2610926
--     20     2610926             1     2610926
--     30     2610926             1     2610926
--     40     2610926             1     2610926
--     50     2610926             1     2610926
--     60     1778828             2     4389754
--     70     1778828             2     4389754
--     80     1778828             2     4389754
--     90     1778828             2     4389754
--
-- Finished stage 'unitigCheck', reset canuIteration.
----------------------------------------
-- Starting command on Mon Oct 17 18:00:42 2022 with 879.533 GB free disk space

    cd unitigging
    /Users/student/PFB_problemsets/canu-2.2/bin/utgcns \
      -S ../ecoli.seqStore \
      -T  ./ecoli.ctgStore 1 \
      -partition 0.8 1 0.1 \
    > ./ecoli.ctgStore/partitioning.log 2>&1

-- Finished on Mon Oct 17 18:00:43 2022 (one second) with 879.491 GB free disk space
----------------------------------------
-- Using slow alignment for consensus (iteration '0').
-- Configured 3 consensus jobs.
-- Finished stage 'consensusConfigure', reset canuIteration.
--
-- Local: cns        3.000 GB    4 CPUs x   2 jobs     6.000 GB   8 CPUs  (consensus)
--
--
-- Running jobs.  First attempt out of 2.
----------------------------------------
-- Starting 'cns' concurrent execution on Mon Oct 17 18:00:43 2022 with 879.491 GB free disk space (3 processes; 2 concurrently)

    cd unitigging/5-consensus
    ./consensus.sh 1 > ./consensus.000001.out 2>&1
    ./consensus.sh 2 > ./consensus.000002.out 2>&1
    ./consensus.sh 3 > ./consensus.000003.out 2>&1

-- Finished on Mon Oct 17 18:01:17 2022 (34 seconds) with 879.48 GB free disk space
----------------------------------------
-- Using slow alignment for consensus (iteration '1').
-- Configured 3 consensus jobs.
-- All 3 consensus jobs finished successfully.
-- Finished stage 'consensusCheck', reset canuIteration.
-- Using slow alignment for consensus (iteration '0').
-- Configured 3 consensus jobs.
----------------------------------------
-- Starting command on Mon Oct 17 18:01:17 2022 with 879.48 GB free disk space

    cd unitigging
    /Users/student/PFB_problemsets/canu-2.2/bin/tgStoreLoad \
      -S ../ecoli.seqStore \
      -T  ./ecoli.ctgStore 2 \
      -L ./5-consensus/ctgcns.files \
    > ./5-consensus/ctgcns.files.ctgStoreLoad.err 2>&1

-- Finished on Mon Oct 17 18:01:18 2022 (one second) with 879.47 GB free disk space
----------------------------------------
-- Purging consensus output after loading to ctgStore.
-- Purged 3 .cns outputs.
----------------------------------------
-- Starting command on Mon Oct 17 18:01:18 2022 with 879.481 GB free disk space

    cd unitigging
    /Users/student/PFB_problemsets/canu-2.2/bin/tgStoreDump \
      -S ../ecoli.seqStore \
      -T ./ecoli.ctgStore 2 \
      -sizes -s 4800000 \
    > ./ecoli.ctgStore/seqDB.v002.sizes.txt

-- Finished on Mon Oct 17 18:01:18 2022 (fast as lightning) with 879.481 GB free disk space
----------------------------------------
-- Found, in version 2, after consensus generation:
--   contigs:      3 sequences, total length 4639440 bp (including 0 repeats of total length 0 bp).
--   bubbles:      0 sequences, total length 0 bp.
--   unassembled:  5 sequences, total length 68972 bp.
--
-- Contig sizes based on genome size 4.8mbp:
--
--            NG (bp)  LG (contigs)    sum (bp)
--         ----------  ------------  ----------
--     10     2602490             1     2602490
--     20     2602490             1     2602490
--     30     2602490             1     2602490
--     40     2602490             1     2602490
--     50     2602490             1     2602490
--     60     1773654             2     4376144
--     70     1773654             2     4376144
--     80     1773654             2     4376144
--     90     1773654             2     4376144
--
-- Finished stage 'consensusLoad', reset canuIteration.
----------------------------------------
-- Starting command on Mon Oct 17 18:01:18 2022 with 879.481 GB free disk space

    cd .
    /Users/student/PFB_problemsets/canu-2.2/bin/tgStoreDump \
      -S ./ecoli.seqStore \
      -T ./unitigging/ecoli.ctgStore 2 \
      -o ./ecoli.contigs \
      -layout \
    > ./ecoli.contigs.layout.err 2>&1

-- Finished on Mon Oct 17 18:01:18 2022 (lickety-split) with 879.481 GB free disk space
----------------------------------------
----------------------------------------
-- Starting command on Mon Oct 17 18:01:18 2022 with 879.481 GB free disk space

    cd .
    /Users/student/PFB_problemsets/canu-2.2/bin/tgStoreDump \
      -S ./ecoli.seqStore \
      -T ./unitigging/ecoli.ctgStore 2 \
      -consensus -fasta \
      -unassembled \
    > ./ecoli.unassembled.fasta
    2> ./ecoli.unassembled.err

-- Finished on Mon Oct 17 18:01:18 2022 (fast as lightning) with 879.481 GB free disk space
----------------------------------------
----------------------------------------
-- Starting command on Mon Oct 17 18:01:18 2022 with 879.481 GB free disk space

    cd .
    /Users/student/PFB_problemsets/canu-2.2/bin/tgStoreDump \
      -S ./ecoli.seqStore \
      -T ./unitigging/ecoli.ctgStore 2 \
      -consensus -fasta \
      -contigs \
    > ./ecoli.contigs.fasta
    2> ./ecoli.contigs.err

-- Finished on Mon Oct 17 18:01:18 2022 (lickety-split) with 879.476 GB free disk space
----------------------------------------
-- Finished stage 'generateOutputs', reset canuIteration.
--
-- Assembly 'ecoli' finished in '/Users/student/PFB_problemsets/canu-2.2/ecoli-pacbio-filt90'.
--
-- Summary saved in 'ecoli.report'.
--
-- Sequences saved:
--   Contigs       -> 'ecoli.contigs.fasta'
--   Unassembled   -> 'ecoli.unassembled.fasta'
--
-- Read layouts saved:
--   Contigs       -> 'ecoli.contigs.layout'.
--
-- Bye.
