
Found perl:
   /usr/bin/perl
   This is perl 5, version 18, subversion 4 (v5.18.4) built for darwin-thread-multi-2level

Found java:
   /Users/student/miniconda/bin/java
   openjdk version "11.0.13" 2021-10-19

Found canu:
   /Users/student/PFB_problemsets/canu-2.2/bin/canu
   canu 2.2

Running job 1 based on command line options.

Running block 000001 in query 000001

Running with these settings:
--filter-threshold = 1.0E-7
--help = false
--max-shift = 0.2
--min-olap-length = 500
--min-store-length = 0
--no-rc = false
--no-self = false
--no-tf = false
--num-hashes = 768
--num-min-matches = 2
--num-threads = 8
--ordered-kmer-size = 12
--ordered-sketch-size = 1536
--repeat-idf-scale = 10.0
--repeat-weight = 0.9
--settings = 0
--store-full-id = true
--supress-noise = 0
--threshold = 0.73
--version = false
-f = 
-h = false
-k = 16
-p = 
-q = queries/000001
-s = ./blocks/000001.dat

Processing files for storage in reverse index...
Current # sequences loaded and processed from file: 5000...
Current # sequences loaded and processed from file: 10000...
Current # sequences stored: 5000...
Current # sequences stored: 10000...
Stored 12548 sequences in the index.
Processed 12548 unique sequences (fwd and rev).
Time (s) to read and hash from file: 3.12095447
Time (s) to score and output to self: 2.748333516
Total scoring time (s): 2.7491770410000003
Total time (s): 5.870275187000001
MinHash search time (s): 2.837406782
Total matches found: 61891
Average number of matches per lookup: 9.864679630219955
Average number of table elements processed per lookup: 968.8973541600255
Average number of table elements processed per match: 98.21883634130972
Average % of hashed sequences hit per lookup: 0.5661587524308314
Average % of hashed sequences hit that are matches: 13.885779029200274
Average % of hashed sequences fully compared that are matches: 88.08476723168667
