
Found perl:
   /usr/bin/perl
   This is perl 5, version 18, subversion 4 (v5.18.4) built for darwin-thread-multi-2level

Found java:
   /Users/student/miniconda/bin/java
   openjdk version "11.0.13" 2021-10-19

Found canu:
   /Users/student/PFB_problemsets/canu-2.2/bin/canu
   canu 2.2

Running job 1 based on command line options.
Fetch blocks/000002.dat

Running block 000001 in query 000001

Running with these settings:
--filter-threshold = 1.0E-7
--help = false
--max-shift = 0.2
--min-olap-length = 500
--min-store-length = 0
--no-rc = false
--no-self = false
--no-tf = false
--num-hashes = 768
--num-min-matches = 2
--num-threads = 8
--ordered-kmer-size = 12
--ordered-sketch-size = 1536
--repeat-idf-scale = 10.0
--repeat-weight = 0.9
--settings = 0
--store-full-id = true
--supress-noise = 0
--threshold = 0.73
--version = false
-f = 
-h = false
-k = 16
-p = 
-q = queries/000001
-s = ./blocks/000001.dat

Processing files for storage in reverse index...
Current # sequences loaded and processed from file: 5000...
Current # sequences loaded and processed from file: 10000...
Current # sequences loaded and processed from file: 15000...
Current # sequences stored: 5000...
Current # sequences stored: 10000...
Current # sequences stored: 15000...
Stored 16200 sequences in the index.
Processed 16200 unique sequences (fwd and rev).
Time (s) to read and hash from file: 4.600565124
Time (s) to score and output to self: 3.748094302
Opened fasta file /Users/student/PFB_problemsets/canu-2.2/ecoli-pacbio-filt90/correction/1-overlapper/blocks/000002.dat.
Processed 3190 to sequences.
Time (s) to score, hash to-file, and output: 2.07214052
Total scoring time (s): 5.824794812
Total time (s): 10.425470879
MinHash search time (s): 4.904907576
Total matches found: 184435
Average number of matches per lookup: 16.33613817537644
Average number of table elements processed per lookup: 810.6460584588131
Average number of table elements processed per match: 49.622869845745115
Average % of hashed sequences hit per lookup: 0.5826427845028377
Average % of hashed sequences hit that are matches: 17.307407178020387
Average % of hashed sequences fully compared that are matches: 87.37641000374265
