
Found perl:
   /usr/bin/perl
   This is perl 5, version 18, subversion 4 (v5.18.4) built for darwin-thread-multi-2level

Found java:
   /Users/student/miniconda/bin/java
   openjdk version "11.0.13" 2021-10-19

Found canu:
   /Users/student/PFB_problemsets/canu-2.2/bin/canu
   canu 2.2


Creating library 'ecoli-filtered-0.5' for PacBio raw reads.

               reads               bases
---------- --------- ------ ------------ ------
Loaded          6274  95.6%     57815765  99.7%  /Users/student/PFB_problemsets/canu-2.2/ecoli-filtered-0.5.fastq
Short            288   4.4%       164403   0.3%


All reads processed.

               reads               bases
---------- --------- ------ ------------ ------
Loaded          6274  95.6%     57815765  99.7%
Short            288   4.4%       164403   0.3%


Bye.
