
Found perl:
   /usr/bin/perl
   This is perl 5, version 18, subversion 4 (v5.18.4) built for darwin-thread-multi-2level

Found java:
   /Users/student/miniconda/bin/java
   openjdk version "11.0.13" 2021-10-19

Found canu:
   /Users/student/PFB_problemsets/canu-2.2/bin/canu
   canu 2.2

Running job 3 based on command line options.
-- Using seqFile '../ecoli.ctgStore/partition.0003'.
-- Opening tigStore '../ecoli.ctgStore' version 1.
-- Opening output results file './ctgcns/0003.cns.WORKING'.
--
-- Computing consensus for b=0 to e=8 with errorRate 0.0750 (max 0.4000) and minimum overlap 500
--
Loading corrected-trimmed reads from seqFile '../ecoli.ctgStore/partition.0003'
Consensus finished successfully.

Bye.
                           ----------CONTAINED READS----------  -DOVETAIL  READS-
  tigID    length   reads      used coverage  ignored coverage      used coverage
------- --------- -------  -------- -------- -------- --------  -------- --------
      3    264248     524       467   12.14x        0    0.00x        57    4.06x

Processed 1 tig and 5 singletons.

